<?xml version="1.0" encoding="UTF-8"?>
<!-- Generated by org.testng.reporters.JUnitXMLReporter -->
<testsuite ignored="2" hostname="2000083852-C02W61XAHTD6" failures="0" tests="1" name="Surefire test" time="5.679" errors="0" timestamp="2025-07-25T19:51:31 IST">
  <testcase classname="RunTest.loginPage00Test" name="performforgortpassword" time="5.618"/>
  <testcase classname="RunTest.loginPage00Test" name="performinvalidlogin" time="0.0">
    <ignored/>
  </testcase> <!-- performinvalidlogin -->
  <testcase classname="RunTest.loginPage00Test" name="performvalidlogin" time="0.0">
    <ignored/>
  </testcase> <!-- performvalidlogin -->
</testsuite> <!-- Surefire test -->
