<?xml version="1.0" encoding="UTF-8"?>
<testng-results ignored="0" total="1" passed="1" failed="0" skipped="0">
  <reporter-output>
  </reporter-output>
  <suite started-at="2025-07-25T19:51:25 IST" name="Surefire suite" finished-at="2025-07-25T19:51:30 IST" duration-ms="5679">
    <groups>
    </groups>
    <test started-at="2025-07-25T19:51:25 IST" name="Surefire test" finished-at="2025-07-25T19:51:30 IST" duration-ms="5679">
      <class name="RunTest.loginPage00Test">
        <test-method is-config="true" signature="init()[pri:0, instance:RunTest.loginPage00Test@101952da]" started-at="2025-07-25T19:51:04 IST" name="init" finished-at="2025-07-25T19:51:25 IST" duration-ms="20822" status="PASS">
          <reporter-output>
          </reporter-output>
        </test-method> <!-- init -->
        <test-method signature="performforgortpassword()[pri:0, instance:RunTest.loginPage00Test@101952da]" started-at="2025-07-25T19:51:25 IST" name="performforgortpassword" finished-at="2025-07-25T19:51:30 IST" duration-ms="5618" status="PASS">
          <reporter-output>
          </reporter-output>
        </test-method> <!-- performforgortpassword -->
        <test-method is-config="true" signature="Teardown()[pri:0, instance:RunTest.loginPage00Test@101952da]" started-at="2025-07-25T19:51:31 IST" name="Teardown" finished-at="2025-07-25T19:51:32 IST" duration-ms="253" status="PASS">
          <reporter-output>
          </reporter-output>
        </test-method> <!-- Teardown -->
      </class> <!-- RunTest.loginPage00Test -->
    </test> <!-- Surefire test -->
  </suite> <!-- Surefire suite -->
</testng-results>
